<?xml version="1.0" encoding="UTF-8"?>
<testng-results ignored="0" total="1" passed="1" failed="0" skipped="0">
  <reporter-output>
  </reporter-output>
  <suite started-at="2023-06-02T18:17:13Z" name="Default suite" finished-at="2023-06-02T18:18:25Z" duration-ms="72552">
    <groups>
      <group name="cucumber">
        <method signature="AbstractTestNGCucumberTests.runScenario(cucumber.api.testng.PickleEventWrapper, cucumber.api.testng.CucumberFeatureWrapper)[pri:0, instance:console.runner.CucumberTestRunner@74f6c5d8]" name="runScenario" class="cucumber.api.testng.AbstractTestNGCucumberTests"/>
      </group> <!-- cucumber -->
    </groups>
    <test started-at="2023-06-02T18:17:13Z" name="Default test" finished-at="2023-06-02T18:18:25Z" duration-ms="72552">
      <class name="console.runner.CucumberTestRunner">
        <test-method is-config="true" signature="setUpClass()[pri:0, instance:console.runner.CucumberTestRunner@74f6c5d8]" started-at="2023-06-02T18:17:13Z" name="setUpClass" finished-at="2023-06-02T18:17:13Z" duration-ms="575" status="PASS">
          <reporter-output>
          </reporter-output>
        </test-method> <!-- setUpClass -->
        <test-method signature="runScenario(cucumber.api.testng.PickleEventWrapper, cucumber.api.testng.CucumberFeatureWrapper)[pri:0, instance:console.runner.CucumberTestRunner@74f6c5d8]" started-at="2023-06-02T18:17:13Z" name="runScenario" description="Runs Cucumber Scenarios" data-provider="scenarios" finished-at="2023-06-02T18:18:25Z" duration-ms="71864" status="PASS">
          <params>
            <param index="0">
              <value>
                <![CDATA["Verify User able to login PARA BANK"]]>
              </value>
            </param>
            <param index="1">
              <value>
                <![CDATA["PARA Bank App check login functionality"]]>
              </value>
            </param>
          </params>
          <reporter-output>
          </reporter-output>
        </test-method> <!-- runScenario -->
        <test-method is-config="true" signature="tearDownClass()[pri:0, instance:console.runner.CucumberTestRunner@74f6c5d8]" started-at="2023-06-02T18:18:25Z" name="tearDownClass" finished-at="2023-06-02T18:18:25Z" duration-ms="20" status="PASS">
          <reporter-output>
          </reporter-output>
        </test-method> <!-- tearDownClass -->
      </class> <!-- console.runner.CucumberTestRunner -->
    </test> <!-- Default test -->
  </suite> <!-- Default suite -->
</testng-results>
